<?xml version="1.0" encoding="UTF-8"?>
<!-- Generated by org.testng.reporters.JUnitXMLReporter -->
<testsuite ignored="0" hostname="Vineela" failures="0" tests="6" name="Default test" time="66.286" errors="0" timestamp="2025-09-30T21:52:05 IST">
  <testcase classname="Hrm.testscripts.EmpListVerifyTest" name="addEmployee" time="11.055"/>
  <testcase classname="Hrm.testscripts.EmpListVerifyTest" name="addEmployee" time="10.689"/>
  <testcase classname="Hrm.testscripts.EmpListVerifyTest" name="addEmployee" time="9.919"/>
  <testcase classname="Hrm.testscripts.EmpListVerifyTest" name="validateEmployee" time="9.489"/>
  <testcase classname="Hrm.testscripts.EmpListVerifyTest" name="validateEmployee" time="8.767"/>
  <testcase classname="Hrm.testscripts.EmpListVerifyTest" name="validateEmployee" time="8.288"/>
</testsuite> <!-- Default test -->
