<?xml version="1.0" encoding="UTF-8"?>
<testng-results ignored="0" total="5" passed="1" failed="2" skipped="2">
  <reporter-output>
  </reporter-output>
  <suite started-at="2025-10-04T15:34:54 IST" name="Suite" finished-at="2025-10-04T15:35:39 IST" duration-ms="45121">
    <groups>
    </groups>
    <test started-at="2025-10-04T15:34:54 IST" name="Test" finished-at="2025-10-04T15:35:39 IST" duration-ms="45121">
      <class name="Hrm.testscripts.PIMNavigationTest">
        <test-method is-config="true" signature="setUp()[pri:0, instance:Hrm.testscripts.PIMNavigationTest@6c7a164b]" started-at="2025-10-04T15:35:01 IST" name="setUp" finished-at="2025-10-04T15:35:05 IST" duration-ms="3547" status="PASS">
          <reporter-output>
          </reporter-output>
        </test-method> <!-- setUp -->
        <test-method signature="logintest()[pri:0, instance:Hrm.testscripts.PIMNavigationTest@6c7a164b]" started-at="2025-10-04T15:35:05 IST" name="logintest" finished-at="2025-10-04T15:35:12 IST" duration-ms="7358" status="FAIL">
          <exception class="org.openqa.selenium.ElementNotInteractableException">
            <message>
              <![CDATA[element not interactable
  (Session info: chrome=141.0.7390.54)
Build info: version: '4.35.0', revision: '1c58e5028b'
System info: os.name: 'Windows 11', os.arch: 'amd64', os.version: '10.0', java.version: '21.0.7'
Driver info: org.openqa.selenium.chrome.ChromeDriver
Command: [6fea330976e9e2f2b3972b9a398ab865, clickElement {id=f.69DE9C85EF4315B10601FAF7D2128650.d.6E324A143D2543D4A1D57CEB9D5AC5E2.e.32}]
Capabilities {acceptInsecureCerts: false, browserName: chrome, browserVersion: 141.0.7390.54, chrome: {chromedriverVersion: 141.0.7390.54 (b95610d5c4a5..., userDataDir: C:\Users\godug\AppData\Loca...}, fedcm:accounts: true, goog:chromeOptions: {debuggerAddress: localhost:65513}, networkConnectionEnabled: false, pageLoadStrategy: normal, platformName: windows, proxy: Proxy(), se:cdp: ws://localhost:65513/devtoo..., se:cdpVersion: 141.0.7390.54, setWindowRect: true, strictFileInteractability: false, timeouts: {implicit: 0, pageLoad: 300000, script: 30000}, unhandledPromptBehavior: dismiss and notify, webauthn:extension:credBlob: true, webauthn:extension:largeBlob: true, webauthn:extension:minPinLength: true, webauthn:extension:prf: true, webauthn:virtualAuthenticators: true}
Element: [[ChromeDriver: chrome on windows (6fea330976e9e2f2b3972b9a398ab865)] -> xpath: //span[text()='PIM']]
Session ID: 6fea330976e9e2f2b3972b9a398ab865]]>
            </message>
            <full-stacktrace>
              <![CDATA[org.openqa.selenium.ElementNotInteractableException: element not interactable
  (Session info: chrome=141.0.7390.54)
Build info: version: '4.35.0', revision: '1c58e5028b'
System info: os.name: 'Windows 11', os.arch: 'amd64', os.version: '10.0', java.version: '21.0.7'
Driver info: org.openqa.selenium.chrome.ChromeDriver
Command: [6fea330976e9e2f2b3972b9a398ab865, clickElement {id=f.69DE9C85EF4315B10601FAF7D2128650.d.6E324A143D2543D4A1D57CEB9D5AC5E2.e.32}]
Capabilities {acceptInsecureCerts: false, browserName: chrome, browserVersion: 141.0.7390.54, chrome: {chromedriverVersion: 141.0.7390.54 (b95610d5c4a5..., userDataDir: C:\Users\godug\AppData\Loca...}, fedcm:accounts: true, goog:chromeOptions: {debuggerAddress: localhost:65513}, networkConnectionEnabled: false, pageLoadStrategy: normal, platformName: windows, proxy: Proxy(), se:cdp: ws://localhost:65513/devtoo..., se:cdpVersion: 141.0.7390.54, setWindowRect: true, strictFileInteractability: false, timeouts: {implicit: 0, pageLoad: 300000, script: 30000}, unhandledPromptBehavior: dismiss and notify, webauthn:extension:credBlob: true, webauthn:extension:largeBlob: true, webauthn:extension:minPinLength: true, webauthn:extension:prf: true, webauthn:virtualAuthenticators: true}
Element: [[ChromeDriver: chrome on windows (6fea330976e9e2f2b3972b9a398ab865)] -> xpath: //span[text()='PIM']]
Session ID: 6fea330976e9e2f2b3972b9a398ab865
at java.base/jdk.internal.reflect.DirectConstructorHandleAccessor.newInstance(DirectConstructorHandleAccessor.java:62)
at java.base/java.lang.reflect.Constructor.newInstanceWithCaller(Constructor.java:502)
at java.base/java.lang.reflect.Constructor.newInstance(Constructor.java:486)
at org.openqa.selenium.remote.ErrorCodec.decode(ErrorCodec.java:167)
at org.openqa.selenium.remote.codec.w3c.W3CHttpResponseCodec.decode(W3CHttpResponseCodec.java:138)
at org.openqa.selenium.remote.codec.w3c.W3CHttpResponseCodec.decode(W3CHttpResponseCodec.java:50)
at org.openqa.selenium.remote.HttpCommandExecutor.execute(HttpCommandExecutor.java:215)
at org.openqa.selenium.remote.service.DriverCommandExecutor.invokeExecute(DriverCommandExecutor.java:216)
at org.openqa.selenium.remote.service.DriverCommandExecutor.execute(DriverCommandExecutor.java:174)
at org.openqa.selenium.remote.RemoteWebDriver.execute(RemoteWebDriver.java:557)
at org.openqa.selenium.remote.RemoteWebElement.execute(RemoteWebElement.java:223)
at org.openqa.selenium.remote.RemoteWebElement.click(RemoteWebElement.java:76)
at Hrm.testpages.PIMPageObjects.pimNavigation(PIMPageObjects.java:32)
at Hrm.testscripts.PIMNavigationTest.logintest(PIMNavigationTest.java:41)
at java.base/jdk.internal.reflect.DirectMethodHandleAccessor.invoke(DirectMethodHandleAccessor.java:103)
at java.base/java.lang.reflect.Method.invoke(Method.java:580)
at org.testng.internal.invokers.MethodInvocationHelper.invokeMethod(MethodInvocationHelper.java:141)
at org.testng.internal.invokers.TestInvoker.invokeMethod(TestInvoker.java:687)
at org.testng.internal.invokers.TestInvoker.invokeTestMethod(TestInvoker.java:230)
at org.testng.internal.invokers.MethodRunner.runInSequence(MethodRunner.java:63)
at org.testng.internal.invokers.TestInvoker$MethodInvocationAgent.invoke(TestInvoker.java:995)
at org.testng.internal.invokers.TestInvoker.invokeTestMethods(TestInvoker.java:203)
at org.testng.internal.invokers.TestMethodWorker.invokeTestMethods(TestMethodWorker.java:154)
at org.testng.internal.invokers.TestMethodWorker.run(TestMethodWorker.java:134)
at java.base/java.util.ArrayList.forEach(ArrayList.java:1596)
at org.testng.TestRunner.privateRun(TestRunner.java:741)
at org.testng.TestRunner.run(TestRunner.java:616)
at org.testng.SuiteRunner.runTest(SuiteRunner.java:421)
at org.testng.SuiteRunner.runSequentially(SuiteRunner.java:413)
at org.testng.SuiteRunner.privateRun(SuiteRunner.java:373)
at org.testng.SuiteRunner.run(SuiteRunner.java:312)
at org.testng.SuiteRunnerWorker.runSuite(SuiteRunnerWorker.java:52)
at org.testng.SuiteRunnerWorker.run(SuiteRunnerWorker.java:95)
at org.testng.TestNG.runSuitesSequentially(TestNG.java:1274)
at org.testng.TestNG.runSuitesLocally(TestNG.java:1208)
at org.testng.TestNG.runSuites(TestNG.java:1112)
at org.testng.TestNG.run(TestNG.java:1079)
at org.testng.remote.AbstractRemoteTestNG.run(AbstractRemoteTestNG.java:115)
at org.testng.remote.RemoteTestNG.initAndRun(RemoteTestNG.java:293)
at org.testng.remote.RemoteTestNG.main(RemoteTestNG.java:91)
]]>
            </full-stacktrace>
          </exception> <!-- org.openqa.selenium.ElementNotInteractableException -->
          <reporter-output>
          </reporter-output>
        </test-method> <!-- logintest -->
        <test-method signature="addEmployee(java.lang.String,java.lang.String,java.lang.String)[pri:0, instance:Hrm.testscripts.PIMNavigationTest@6c7a164b]" started-at="2025-10-04T15:35:12 IST" name="addEmployee" finished-at="2025-10-04T15:35:12 IST" depends-on-methods="Hrm.testscripts.PIMNavigationTest.logintest" duration-ms="0" status="SKIP">
          <exception class="java.lang.Throwable">
            <message>
              <![CDATA[Method Hrm.testscripts.PIMNavigationTest.addEmployee() on instance Hrm.testscripts.PIMNavigationTest@6c7a164b depends on not successfully finished methods 
[Hrm.testscripts.PIMNavigationTest.logintest() on instance Hrm.testscripts.PIMNavigationTest@6c7a164b]]]>
            </message>
            <full-stacktrace>
              <![CDATA[java.lang.Throwable: Method Hrm.testscripts.PIMNavigationTest.addEmployee() on instance Hrm.testscripts.PIMNavigationTest@6c7a164b depends on not successfully finished methods 
[Hrm.testscripts.PIMNavigationTest.logintest() on instance Hrm.testscripts.PIMNavigationTest@6c7a164b]
at org.testng.internal.invokers.TestInvoker.invokeTestMethods(TestInvoker.java:159)
at org.testng.internal.invokers.TestMethodWorker.invokeTestMethods(TestMethodWorker.java:154)
at org.testng.internal.invokers.TestMethodWorker.run(TestMethodWorker.java:134)
at java.base/java.util.ArrayList.forEach(ArrayList.java:1596)
at org.testng.TestRunner.privateRun(TestRunner.java:741)
at org.testng.TestRunner.run(TestRunner.java:616)
at org.testng.SuiteRunner.runTest(SuiteRunner.java:421)
at org.testng.SuiteRunner.runSequentially(SuiteRunner.java:413)
at org.testng.SuiteRunner.privateRun(SuiteRunner.java:373)
at org.testng.SuiteRunner.run(SuiteRunner.java:312)
at org.testng.SuiteRunnerWorker.runSuite(SuiteRunnerWorker.java:52)
at org.testng.SuiteRunnerWorker.run(SuiteRunnerWorker.java:95)
at org.testng.TestNG.runSuitesSequentially(TestNG.java:1274)
at org.testng.TestNG.runSuitesLocally(TestNG.java:1208)
at org.testng.TestNG.runSuites(TestNG.java:1112)
at org.testng.TestNG.run(TestNG.java:1079)
at org.testng.remote.AbstractRemoteTestNG.run(AbstractRemoteTestNG.java:115)
at org.testng.remote.RemoteTestNG.initAndRun(RemoteTestNG.java:293)
at org.testng.remote.RemoteTestNG.main(RemoteTestNG.java:91)
]]>
            </full-stacktrace>
          </exception> <!-- java.lang.Throwable -->
          <reporter-output>
          </reporter-output>
        </test-method> <!-- addEmployee -->
        <test-method is-config="true" signature="tearDown()[pri:0, instance:Hrm.testscripts.PIMNavigationTest@6c7a164b]" started-at="2025-10-04T15:35:12 IST" name="tearDown" finished-at="2025-10-04T15:35:13 IST" duration-ms="371" status="PASS">
          <reporter-output>
          </reporter-output>
        </test-method> <!-- tearDown -->
      </class> <!-- Hrm.testscripts.PIMNavigationTest -->
      <class name="Hrm.testscripts.HrmLoginTest">
        <test-method is-config="true" signature="setUp()[pri:0, instance:Hrm.testscripts.HrmLoginTest@38af9828]" started-at="2025-10-04T15:34:54 IST" name="setUp" finished-at="2025-10-04T15:34:59 IST" duration-ms="5003" status="PASS">
          <reporter-output>
          </reporter-output>
        </test-method> <!-- setUp -->
        <test-method signature="loginPageTest()[pri:0, instance:Hrm.testscripts.HrmLoginTest@38af9828]" started-at="2025-10-04T15:34:59 IST" name="loginPageTest" finished-at="2025-10-04T15:35:01 IST" duration-ms="1855" status="PASS">
          <reporter-output>
          </reporter-output>
        </test-method> <!-- loginPageTest -->
        <test-method is-config="true" signature="tearDown()[pri:0, instance:Hrm.testscripts.HrmLoginTest@38af9828]" started-at="2025-10-04T15:35:01 IST" name="tearDown" finished-at="2025-10-04T15:35:01 IST" duration-ms="150" status="PASS">
          <reporter-output>
          </reporter-output>
        </test-method> <!-- tearDown -->
      </class> <!-- Hrm.testscripts.HrmLoginTest -->
      <class name="Hrm.testscripts.EmpListVerifyTest">
        <test-method is-config="true" signature="setUp()[pri:0, instance:Hrm.testscripts.EmpListVerifyTest@4c2bb6e0]" started-at="2025-10-04T15:35:13 IST" name="setUp" finished-at="2025-10-04T15:35:17 IST" duration-ms="4497" status="PASS">
          <reporter-output>
          </reporter-output>
        </test-method> <!-- setUp -->
        <test-method signature="addEmployee(java.lang.String,java.lang.String,java.lang.String)[pri:0, instance:Hrm.testscripts.EmpListVerifyTest@4c2bb6e0]" started-at="2025-10-04T15:35:17 IST" name="addEmployee" data-provider="employeeData" finished-at="2025-10-04T15:35:24 IST" duration-ms="6556" status="FAIL">
          <params>
            <param index="0">
              <value>
                <![CDATA[Vanu2]]>
              </value>
            </param>
            <param index="1">
              <value>
                <![CDATA[Test3]]>
              </value>
            </param>
            <param index="2">
              <value>
                <![CDATA[Automation]]>
              </value>
            </param>
          </params>
          <exception class="org.openqa.selenium.ElementNotInteractableException">
            <message>
              <![CDATA[element not interactable
  (Session info: chrome=141.0.7390.54)
Build info: version: '4.35.0', revision: '1c58e5028b'
System info: os.name: 'Windows 11', os.arch: 'amd64', os.version: '10.0', java.version: '21.0.7'
Driver info: org.openqa.selenium.chrome.ChromeDriver
Command: [bb7c61a1d71c99e4ba2afcea10816021, clickElement {id=f.7D37130D11709CD3B240636B0F5B0811.d.8708980E73DAA4F9C237959FD2364B92.e.33}]
Capabilities {acceptInsecureCerts: false, browserName: chrome, browserVersion: 141.0.7390.54, chrome: {chromedriverVersion: 141.0.7390.54 (b95610d5c4a5..., userDataDir: C:\Users\godug\AppData\Loca...}, fedcm:accounts: true, goog:chromeOptions: {debuggerAddress: localhost:52889}, networkConnectionEnabled: false, pageLoadStrategy: normal, platformName: windows, proxy: Proxy(), se:cdp: ws://localhost:52889/devtoo..., se:cdpVersion: 141.0.7390.54, setWindowRect: true, strictFileInteractability: false, timeouts: {implicit: 0, pageLoad: 300000, script: 30000}, unhandledPromptBehavior: dismiss and notify, webauthn:extension:credBlob: true, webauthn:extension:largeBlob: true, webauthn:extension:minPinLength: true, webauthn:extension:prf: true, webauthn:virtualAuthenticators: true}
Element: [[ChromeDriver: chrome on windows (bb7c61a1d71c99e4ba2afcea10816021)] -> xpath: //span[text()='PIM']]
Session ID: bb7c61a1d71c99e4ba2afcea10816021]]>
            </message>
            <full-stacktrace>
              <![CDATA[org.openqa.selenium.ElementNotInteractableException: element not interactable
  (Session info: chrome=141.0.7390.54)
Build info: version: '4.35.0', revision: '1c58e5028b'
System info: os.name: 'Windows 11', os.arch: 'amd64', os.version: '10.0', java.version: '21.0.7'
Driver info: org.openqa.selenium.chrome.ChromeDriver
Command: [bb7c61a1d71c99e4ba2afcea10816021, clickElement {id=f.7D37130D11709CD3B240636B0F5B0811.d.8708980E73DAA4F9C237959FD2364B92.e.33}]
Capabilities {acceptInsecureCerts: false, browserName: chrome, browserVersion: 141.0.7390.54, chrome: {chromedriverVersion: 141.0.7390.54 (b95610d5c4a5..., userDataDir: C:\Users\godug\AppData\Loca...}, fedcm:accounts: true, goog:chromeOptions: {debuggerAddress: localhost:52889}, networkConnectionEnabled: false, pageLoadStrategy: normal, platformName: windows, proxy: Proxy(), se:cdp: ws://localhost:52889/devtoo..., se:cdpVersion: 141.0.7390.54, setWindowRect: true, strictFileInteractability: false, timeouts: {implicit: 0, pageLoad: 300000, script: 30000}, unhandledPromptBehavior: dismiss and notify, webauthn:extension:credBlob: true, webauthn:extension:largeBlob: true, webauthn:extension:minPinLength: true, webauthn:extension:prf: true, webauthn:virtualAuthenticators: true}
Element: [[ChromeDriver: chrome on windows (bb7c61a1d71c99e4ba2afcea10816021)] -> xpath: //span[text()='PIM']]
Session ID: bb7c61a1d71c99e4ba2afcea10816021
at java.base/jdk.internal.reflect.DirectConstructorHandleAccessor.newInstance(DirectConstructorHandleAccessor.java:62)
at java.base/java.lang.reflect.Constructor.newInstanceWithCaller(Constructor.java:502)
at java.base/java.lang.reflect.Constructor.newInstance(Constructor.java:486)
at org.openqa.selenium.remote.ErrorCodec.decode(ErrorCodec.java:167)
at org.openqa.selenium.remote.codec.w3c.W3CHttpResponseCodec.decode(W3CHttpResponseCodec.java:138)
at org.openqa.selenium.remote.codec.w3c.W3CHttpResponseCodec.decode(W3CHttpResponseCodec.java:50)
at org.openqa.selenium.remote.HttpCommandExecutor.execute(HttpCommandExecutor.java:215)
at org.openqa.selenium.remote.service.DriverCommandExecutor.invokeExecute(DriverCommandExecutor.java:216)
at org.openqa.selenium.remote.service.DriverCommandExecutor.execute(DriverCommandExecutor.java:174)
at org.openqa.selenium.remote.RemoteWebDriver.execute(RemoteWebDriver.java:557)
at org.openqa.selenium.remote.RemoteWebElement.execute(RemoteWebElement.java:223)
at org.openqa.selenium.remote.RemoteWebElement.click(RemoteWebElement.java:76)
at Hrm.testpages.PIMPageObjects.pimNavigation(PIMPageObjects.java:32)
at Hrm.testpages.PIMPageObjects.addEmployee(PIMPageObjects.java:49)
at Hrm.testscripts.EmpListVerifyTest.addEmployee(EmpListVerifyTest.java:41)
at java.base/jdk.internal.reflect.DirectMethodHandleAccessor.invoke(DirectMethodHandleAccessor.java:103)
at java.base/java.lang.reflect.Method.invoke(Method.java:580)
at org.testng.internal.invokers.MethodInvocationHelper.invokeMethod(MethodInvocationHelper.java:141)
at org.testng.internal.invokers.TestInvoker.invokeMethod(TestInvoker.java:687)
at org.testng.internal.invokers.TestInvoker.invokeTestMethod(TestInvoker.java:230)
at org.testng.internal.invokers.MethodRunner.runInSequence(MethodRunner.java:63)
at org.testng.internal.invokers.TestInvoker$MethodInvocationAgent.invoke(TestInvoker.java:995)
at org.testng.internal.invokers.TestInvoker.invokeTestMethods(TestInvoker.java:203)
at org.testng.internal.invokers.TestMethodWorker.invokeTestMethods(TestMethodWorker.java:154)
at org.testng.internal.invokers.TestMethodWorker.run(TestMethodWorker.java:134)
at java.base/java.util.ArrayList.forEach(ArrayList.java:1596)
at org.testng.TestRunner.privateRun(TestRunner.java:741)
at org.testng.TestRunner.run(TestRunner.java:616)
at org.testng.SuiteRunner.runTest(SuiteRunner.java:421)
at org.testng.SuiteRunner.runSequentially(SuiteRunner.java:413)
at org.testng.SuiteRunner.privateRun(SuiteRunner.java:373)
at org.testng.SuiteRunner.run(SuiteRunner.java:312)
at org.testng.SuiteRunnerWorker.runSuite(SuiteRunnerWorker.java:52)
at org.testng.SuiteRunnerWorker.run(SuiteRunnerWorker.java:95)
at org.testng.TestNG.runSuitesSequentially(TestNG.java:1274)
at org.testng.TestNG.runSuitesLocally(TestNG.java:1208)
at org.testng.TestNG.runSuites(TestNG.java:1112)
at org.testng.TestNG.run(TestNG.java:1079)
at org.testng.remote.AbstractRemoteTestNG.run(AbstractRemoteTestNG.java:115)
at org.testng.remote.RemoteTestNG.initAndRun(RemoteTestNG.java:293)
at org.testng.remote.RemoteTestNG.main(RemoteTestNG.java:91)
]]>
            </full-stacktrace>
          </exception> <!-- org.openqa.selenium.ElementNotInteractableException -->
          <reporter-output>
          </reporter-output>
        </test-method> <!-- addEmployee -->
        <test-method signature="validateEmployee(java.lang.String,java.lang.String,java.lang.String)[pri:0, instance:Hrm.testscripts.EmpListVerifyTest@4c2bb6e0]" started-at="2025-10-04T15:35:24 IST" name="validateEmployee" finished-at="2025-10-04T15:35:24 IST" depends-on-methods="Hrm.testscripts.EmpListVerifyTest.addEmployee" duration-ms="0" status="SKIP">
          <exception class="java.lang.Throwable">
            <message>
              <![CDATA[Method Hrm.testscripts.EmpListVerifyTest.validateEmployee() on instance Hrm.testscripts.EmpListVerifyTest@4c2bb6e0 depends on not successfully finished methods 
[Hrm.testscripts.EmpListVerifyTest.addEmployee() on instance Hrm.testscripts.EmpListVerifyTest@4c2bb6e0]]]>
            </message>
            <full-stacktrace>
              <![CDATA[java.lang.Throwable: Method Hrm.testscripts.EmpListVerifyTest.validateEmployee() on instance Hrm.testscripts.EmpListVerifyTest@4c2bb6e0 depends on not successfully finished methods 
[Hrm.testscripts.EmpListVerifyTest.addEmployee() on instance Hrm.testscripts.EmpListVerifyTest@4c2bb6e0]
at org.testng.internal.invokers.TestInvoker.invokeTestMethods(TestInvoker.java:159)
at org.testng.internal.invokers.TestMethodWorker.invokeTestMethods(TestMethodWorker.java:154)
at org.testng.internal.invokers.TestMethodWorker.run(TestMethodWorker.java:134)
at java.base/java.util.ArrayList.forEach(ArrayList.java:1596)
at org.testng.TestRunner.privateRun(TestRunner.java:741)
at org.testng.TestRunner.run(TestRunner.java:616)
at org.testng.SuiteRunner.runTest(SuiteRunner.java:421)
at org.testng.SuiteRunner.runSequentially(SuiteRunner.java:413)
at org.testng.SuiteRunner.privateRun(SuiteRunner.java:373)
at org.testng.SuiteRunner.run(SuiteRunner.java:312)
at org.testng.SuiteRunnerWorker.runSuite(SuiteRunnerWorker.java:52)
at org.testng.SuiteRunnerWorker.run(SuiteRunnerWorker.java:95)
at org.testng.TestNG.runSuitesSequentially(TestNG.java:1274)
at org.testng.TestNG.runSuitesLocally(TestNG.java:1208)
at org.testng.TestNG.runSuites(TestNG.java:1112)
at org.testng.TestNG.run(TestNG.java:1079)
at org.testng.remote.AbstractRemoteTestNG.run(AbstractRemoteTestNG.java:115)
at org.testng.remote.RemoteTestNG.initAndRun(RemoteTestNG.java:293)
at org.testng.remote.RemoteTestNG.main(RemoteTestNG.java:91)
]]>
            </full-stacktrace>
          </exception> <!-- java.lang.Throwable -->
          <reporter-output>
          </reporter-output>
        </test-method> <!-- validateEmployee -->
        <test-method is-config="true" signature="tearDown()[pri:0, instance:Hrm.testscripts.EmpListVerifyTest@4c2bb6e0]" started-at="2025-10-04T15:35:24 IST" name="tearDown" finished-at="2025-10-04T15:35:39 IST" duration-ms="15287" status="FAIL">
          <exception class="org.openqa.selenium.TimeoutException">
            <message>
              <![CDATA[Expected condition failed: waiting for element to be clickable: By.xpath: //p[@class='oxd-userdropdown-name'] (tried for 15 second(s) with 500 milliseconds interval)
Build info: version: '4.35.0', revision: '1c58e5028b'
System info: os.name: 'Windows 11', os.arch: 'amd64', os.version: '10.0', java.version: '21.0.7'
Driver info: org.openqa.selenium.chrome.ChromeDriver
Capabilities {acceptInsecureCerts: false, browserName: chrome, browserVersion: 141.0.7390.54, chrome: {chromedriverVersion: 141.0.7390.54 (b95610d5c4a5..., userDataDir: C:\Users\godug\AppData\Loca...}, fedcm:accounts: true, goog:chromeOptions: {debuggerAddress: localhost:52889}, networkConnectionEnabled: false, pageLoadStrategy: normal, platformName: windows, proxy: Proxy(), se:cdp: ws://localhost:52889/devtoo..., se:cdpVersion: 141.0.7390.54, setWindowRect: true, strictFileInteractability: false, timeouts: {implicit: 0, pageLoad: 300000, script: 30000}, unhandledPromptBehavior: dismiss and notify, webauthn:extension:credBlob: true, webauthn:extension:largeBlob: true, webauthn:extension:minPinLength: true, webauthn:extension:prf: true, webauthn:virtualAuthenticators: true}
Session ID: bb7c61a1d71c99e4ba2afcea10816021]]>
            </message>
            <full-stacktrace>
              <![CDATA[org.openqa.selenium.TimeoutException: Expected condition failed: waiting for element to be clickable: By.xpath: //p[@class='oxd-userdropdown-name'] (tried for 15 second(s) with 500 milliseconds interval)
Build info: version: '4.35.0', revision: '1c58e5028b'
System info: os.name: 'Windows 11', os.arch: 'amd64', os.version: '10.0', java.version: '21.0.7'
Driver info: org.openqa.selenium.chrome.ChromeDriver
Capabilities {acceptInsecureCerts: false, browserName: chrome, browserVersion: 141.0.7390.54, chrome: {chromedriverVersion: 141.0.7390.54 (b95610d5c4a5..., userDataDir: C:\Users\godug\AppData\Loca...}, fedcm:accounts: true, goog:chromeOptions: {debuggerAddress: localhost:52889}, networkConnectionEnabled: false, pageLoadStrategy: normal, platformName: windows, proxy: Proxy(), se:cdp: ws://localhost:52889/devtoo..., se:cdpVersion: 141.0.7390.54, setWindowRect: true, strictFileInteractability: false, timeouts: {implicit: 0, pageLoad: 300000, script: 30000}, unhandledPromptBehavior: dismiss and notify, webauthn:extension:credBlob: true, webauthn:extension:largeBlob: true, webauthn:extension:minPinLength: true, webauthn:extension:prf: true, webauthn:virtualAuthenticators: true}
Session ID: bb7c61a1d71c99e4ba2afcea10816021
at org.openqa.selenium.support.ui.WebDriverWait.timeoutException(WebDriverWait.java:84)
at org.openqa.selenium.support.ui.FluentWait.until(FluentWait.java:228)
at Hrm.testpages.EmployeeListPage.clickUserDropDown(EmployeeListPage.java:43)
at Hrm.testpages.EmployeeListPage.logOut(EmployeeListPage.java:50)
at Hrm.testscripts.EmpListVerifyTest.tearDown(EmpListVerifyTest.java:27)
at java.base/jdk.internal.reflect.DirectMethodHandleAccessor.invoke(DirectMethodHandleAccessor.java:103)
at java.base/java.lang.reflect.Method.invoke(Method.java:580)
at org.testng.internal.invokers.MethodInvocationHelper.invokeMethod(MethodInvocationHelper.java:141)
at org.testng.internal.invokers.MethodInvocationHelper.invokeMethodConsideringTimeout(MethodInvocationHelper.java:71)
at org.testng.internal.invokers.ConfigInvoker.invokeConfigurationMethod(ConfigInvoker.java:400)
at org.testng.internal.invokers.ConfigInvoker.invokeConfigurations(ConfigInvoker.java:333)
at org.testng.internal.invokers.TestMethodWorker.invokeAfterClassConfigurations(TestMethodWorker.java:238)
at org.testng.internal.invokers.TestMethodWorker.invokeAfterClassMethods(TestMethodWorker.java:223)
at org.testng.internal.invokers.TestMethodWorker.run(TestMethodWorker.java:137)
at java.base/java.util.ArrayList.forEach(ArrayList.java:1596)
at org.testng.TestRunner.privateRun(TestRunner.java:741)
at org.testng.TestRunner.run(TestRunner.java:616)
at org.testng.SuiteRunner.runTest(SuiteRunner.java:421)
at org.testng.SuiteRunner.runSequentially(SuiteRunner.java:413)
at org.testng.SuiteRunner.privateRun(SuiteRunner.java:373)
at org.testng.SuiteRunner.run(SuiteRunner.java:312)
at org.testng.SuiteRunnerWorker.runSuite(SuiteRunnerWorker.java:52)
at org.testng.SuiteRunnerWorker.run(SuiteRunnerWorker.java:95)
at org.testng.TestNG.runSuitesSequentially(TestNG.java:1274)
at org.testng.TestNG.runSuitesLocally(TestNG.java:1208)
at org.testng.TestNG.runSuites(TestNG.java:1112)
at org.testng.TestNG.run(TestNG.java:1079)
at org.testng.remote.AbstractRemoteTestNG.run(AbstractRemoteTestNG.java:115)
at org.testng.remote.RemoteTestNG.initAndRun(RemoteTestNG.java:293)
at org.testng.remote.RemoteTestNG.main(RemoteTestNG.java:91)
]]>
            </full-stacktrace>
          </exception> <!-- org.openqa.selenium.TimeoutException -->
          <reporter-output>
          </reporter-output>
        </test-method> <!-- tearDown -->
      </class> <!-- Hrm.testscripts.EmpListVerifyTest -->
    </test> <!-- Test -->
  </suite> <!-- Suite -->
</testng-results>
