<?xml version="1.0" encoding="UTF-8"?>
<!-- Generated by org.testng.reporters.JUnitReportReporter -->
<testsuite hostname="Vineela" failures="0" tests="4" name="Hrm.testscripts.PIMNavigationTest" time="33.803" errors="0" timestamp="2025-10-02T21:55:53 IST" skipped="0">
  <testcase classname="Hrm.testscripts.PIMNavigationTest" name="addEmployee" time="10.944"/>
  <testcase classname="Hrm.testscripts.PIMNavigationTest" name="addEmployee" time="9.482"/>
  <testcase classname="Hrm.testscripts.PIMNavigationTest" name="logintest" time="3.540"/>
  <testcase classname="Hrm.testscripts.PIMNavigationTest" name="addEmployee" time="9.837"/>
</testsuite> <!-- Hrm.testscripts.PIMNavigationTest -->
